Arguments: 
  /usr/local/bin/node /usr/local/Cellar/yarn/1.22.17/libexec/bin/yarn.js install

PATH: 
  /usr/local/bin:/usr/bin:/bin:/usr/sbin:/sbin:/usr/local/share/dotnet:~/.dotnet/tools:/Library/Frameworks/Mono.framework/Versions/Current/Commands

Yarn version: 
  1.22.17

Node version: 
  16.3.0

Platform: 
  darwin x64

Trace: 
  Error: http://npm.konga.com:4873/colors/-/colors-1.4.2.tgz: Request failed "404 Not Found"
      at ResponseError.ExtendableBuiltin (/usr/local/Cellar/yarn/1.22.17/libexec/lib/cli.js:696:66)
      at new ResponseError (/usr/local/Cellar/yarn/1.22.17/libexec/lib/cli.js:802:124)
      at Request.<anonymous> (/usr/local/Cellar/yarn/1.22.17/libexec/lib/cli.js:67099:16)
      at Request.emit (node:events:394:28)
      at Request.module.exports.Request.onRequestResponse (/usr/local/Cellar/yarn/1.22.17/libexec/lib/cli.js:141760:10)
      at ClientRequest.emit (node:events:394:28)
      at HTTPParser.parserOnIncomingClient (node:_http_client:621:27)
      at HTTPParser.parserOnHeadersComplete (node:_http_common:127:17)
      at HTTPParser.execute (<anonymous>)
      at Socket.socketOnData (node:_http_client:487:22)

npm manifest: 
  {
    "name": "mealstogo",
    "version": "1.0.0",
    "main": "node_modules/expo/AppEntry.js",
    "scripts": {
      "start": "expo start",
      "android": "expo start --android",
      "ios": "expo start --ios",
      "web": "expo start --web",
      "eject": "expo eject"
    },
    "dependencies": {
      "expo": "~44.0.0",
      "expo-status-bar": "~1.2.0",
      "react": "17.0.1",
      "react-dom": "17.0.1",
      "react-native": "0.64.3",
      "react-native-web": "0.17.1"
    },
    "devDependencies": {
      "@babel/core": "^7.12.9"
    },
    "private": true
  }

yarn manifest: 
  No manifest

Lockfile: 
  No lockfile
